<?xml version="1.0" encoding="UTF-8"?>
<testng-results ignored="2" total="11" passed="8" failed="1" skipped="0">
  <reporter-output>
  </reporter-output>
  <suite started-at="2022-04-18T13:23:50 IST" name="Lone Department" finished-at="2022-04-18T13:23:50 IST" duration-ms="68">
    <groups>
    </groups>
    <test started-at="2022-04-18T13:23:50 IST" name="personal lone" finished-at="2022-04-18T13:23:50 IST" duration-ms="68">
      <class name="com.TestNGFramework.Basic1">
        <test-method signature="mobileLogin()[pri:0, instance:com.TestNGFramework.Basic1@2cd2a21f]" started-at="2022-04-18T13:23:50 IST" name="mobileLogin" finished-at="2022-04-18T13:23:50 IST" duration-ms="9" status="PASS">
          <reporter-output>
          </reporter-output>
        </test-method> <!-- mobileLogin -->
        <test-method signature="mobilepasss()[pri:0, instance:com.TestNGFramework.Basic1@2cd2a21f]" started-at="2022-04-18T13:23:50 IST" name="mobilepasss" finished-at="2022-04-18T13:23:50 IST" duration-ms="8" status="PASS">
          <reporter-output>
          </reporter-output>
        </test-method> <!-- mobilepasss -->
        <test-method signature="passsedaway()[pri:0, instance:com.TestNGFramework.Basic1@2cd2a21f]" started-at="2022-04-18T13:23:50 IST" name="passsedaway" finished-at="2022-04-18T13:23:50 IST" duration-ms="1" status="PASS">
          <reporter-output>
          </reporter-output>
        </test-method> <!-- passsedaway -->
        <test-method signature="loneHome()[pri:0, instance:com.TestNGFramework.Basic1@2cd2a21f]" started-at="2022-04-18T13:23:50 IST" name="loneHome" finished-at="2022-04-18T13:23:50 IST" duration-ms="1" status="PASS">
          <reporter-output>
          </reporter-output>
        </test-method> <!-- loneHome -->
        <test-method signature="mobileLogOut()[pri:0, instance:com.TestNGFramework.Basic1@2cd2a21f]" started-at="2022-04-18T13:23:50 IST" name="mobileLogOut" finished-at="2022-04-18T13:23:50 IST" depends-on-methods="com.TestNGFramework.Basic1.mobilepasss" duration-ms="1" status="PASS">
          <reporter-output>
          </reporter-output>
        </test-method> <!-- mobileLogOut -->
      </class> <!-- com.TestNGFramework.Basic1 -->
    </test> <!-- personal lone -->
    <test started-at="2022-04-18T13:23:50 IST" name="homelone " finished-at="2022-04-18T13:23:50 IST" duration-ms="68">
      <class name="com.TestNGFramework.Basic">
        <test-method signature="TestNG()[pri:0, instance:com.TestNGFramework.Basic@614ca7df]" started-at="2022-04-18T13:23:50 IST" name="TestNG" finished-at="2022-04-18T13:23:50 IST" duration-ms="10" status="FAIL">
          <exception class="java.lang.AssertionError">
            <message>
              <![CDATA[expected [true] but found [false]]]>
            </message>
            <full-stacktrace>
              <![CDATA[java.lang.AssertionError: expected [true] but found [false]
at org.testng.Assert.fail(Assert.java:99)
at org.testng.Assert.failNotEquals(Assert.java:1037)
at org.testng.Assert.assertTrue(Assert.java:45)
at org.testng.Assert.assertTrue(Assert.java:55)
at com.TestNGFramework.Basic.TestNG(Basic.java:17)
at java.base/jdk.internal.reflect.NativeMethodAccessorImpl.invoke0(Native Method)
at java.base/jdk.internal.reflect.NativeMethodAccessorImpl.invoke(NativeMethodAccessorImpl.java:62)
at java.base/jdk.internal.reflect.DelegatingMethodAccessorImpl.invoke(DelegatingMethodAccessorImpl.java:43)
at java.base/java.lang.reflect.Method.invoke(Method.java:566)
at org.testng.internal.MethodInvocationHelper.invokeMethod(MethodInvocationHelper.java:133)
at org.testng.internal.TestInvoker.invokeMethod(TestInvoker.java:598)
at org.testng.internal.TestInvoker.invokeTestMethod(TestInvoker.java:173)
at org.testng.internal.MethodRunner.runInSequence(MethodRunner.java:46)
at org.testng.internal.TestInvoker$MethodInvocationAgent.invoke(TestInvoker.java:824)
at org.testng.internal.TestInvoker.invokeTestMethods(TestInvoker.java:146)
at org.testng.internal.TestMethodWorker.invokeTestMethods(TestMethodWorker.java:146)
at org.testng.internal.TestMethodWorker.run(TestMethodWorker.java:128)
at java.base/java.util.ArrayList.forEach(ArrayList.java:1541)
at org.testng.TestRunner.privateRun(TestRunner.java:794)
at org.testng.TestRunner.run(TestRunner.java:596)
at org.testng.SuiteRunner.runTest(SuiteRunner.java:377)
at org.testng.SuiteRunner.access$000(SuiteRunner.java:28)
at org.testng.SuiteRunner$SuiteWorker.run(SuiteRunner.java:418)
at org.testng.internal.thread.ThreadUtil.lambda$execute$0(ThreadUtil.java:64)
at java.base/java.util.concurrent.FutureTask.run(FutureTask.java:264)
at java.base/java.util.concurrent.ThreadPoolExecutor.runWorker(ThreadPoolExecutor.java:1128)
at java.base/java.util.concurrent.ThreadPoolExecutor$Worker.run(ThreadPoolExecutor.java:628)
at java.base/java.lang.Thread.run(Thread.java:834)
]]>
            </full-stacktrace>
          </exception> <!-- java.lang.AssertionError -->
          <reporter-output>
          </reporter-output>
        </test-method> <!-- TestNG -->
        <test-method signature="dataproviderTest(java.lang.String,java.lang.String)[pri:0, instance:com.TestNGFramework.Basic@614ca7df]" started-at="2022-04-18T13:23:50 IST" name="dataproviderTest" data-provider="getData" finished-at="2022-04-18T13:23:50 IST" duration-ms="1" status="PASS">
          <params>
            <param index="0">
              <value>
                <![CDATA[firstsetUsername]]>
              </value>
            </param>
            <param index="1">
              <value>
                <![CDATA[password]]>
              </value>
            </param>
          </params>
          <reporter-output>
          </reporter-output>
        </test-method> <!-- dataproviderTest -->
        <test-method signature="dataproviderTest(java.lang.String,java.lang.String)[pri:0, instance:com.TestNGFramework.Basic@614ca7df]" started-at="2022-04-18T13:23:50 IST" name="dataproviderTest" data-provider="getData" finished-at="2022-04-18T13:23:50 IST" duration-ms="1" status="PASS">
          <params>
            <param index="0">
              <value>
                <![CDATA[SecondsetUsername]]>
              </value>
            </param>
            <param index="1">
              <value>
                <![CDATA[2ndpassword]]>
              </value>
            </param>
          </params>
          <reporter-output>
          </reporter-output>
        </test-method> <!-- dataproviderTest -->
        <test-method signature="dataproviderTest(java.lang.String,java.lang.String)[pri:0, instance:com.TestNGFramework.Basic@614ca7df]" started-at="2022-04-18T13:23:50 IST" name="dataproviderTest" data-provider="getData" finished-at="2022-04-18T13:23:50 IST" duration-ms="1" status="PASS">
          <params>
            <param index="0">
              <value>
                <![CDATA[ThirdsetUsername]]>
              </value>
            </param>
            <param index="1">
              <value>
                <![CDATA[3rdpassword]]>
              </value>
            </param>
          </params>
          <reporter-output>
          </reporter-output>
        </test-method> <!-- dataproviderTest -->
      </class> <!-- com.TestNGFramework.Basic -->
    </test> <!-- homelone  -->
  </suite> <!-- Lone Department -->
</testng-results>
